[debug] [2022-08-09T14:33:11.842Z] ----------------------------------------------------------------------
[debug] [2022-08-09T14:33:11.843Z] Command:       /Users/vongnyuksoon/.nvm/versions/node/v16.11.1/bin/node /Users/vongnyuksoon/.nvm/versions/node/v16.11.1/bin/firebase emulators:start --import=.//emulator_data --export-on-exit
[debug] [2022-08-09T14:33:11.843Z] CLI Version:   11.2.1
[debug] [2022-08-09T14:33:11.843Z] Platform:      darwin
[debug] [2022-08-09T14:33:11.843Z] Node Version:  v16.11.1
[debug] [2022-08-09T14:33:11.850Z] Time:          Tue Aug 09 2022 22:33:11 GMT+0800 (Malaysia Time)
[debug] [2022-08-09T14:33:11.850Z] ----------------------------------------------------------------------
[debug] 
[debug] [2022-08-09T14:33:11.880Z] > command requires scopes: ["email","openid","https://www.googleapis.com/auth/cloudplatformprojects.readonly","https://www.googleapis.com/auth/firebase","https://www.googleapis.com/auth/cloud-platform"]
[debug] [2022-08-09T14:33:11.880Z] > authorizing via signed-in user (vongnyuksoon2000@gmail.com)
[debug] [2022-08-09T14:33:12.021Z] openjdk version "11.0.12" 2021-07-20

[debug] [2022-08-09T14:33:12.022Z] OpenJDK Runtime Environment (build 11.0.12+0-b1504.28-7817840)
OpenJDK 64-Bit Server VM (build 11.0.12+0-b1504.28-7817840, mixed mode)

[debug] [2022-08-09T14:33:12.024Z] Parsed Java major version: 11
[info] i  emulators: Starting emulators: auth, firestore {"metadata":{"emulator":{"name":"hub"},"message":"Starting emulators: auth, firestore"}}
[debug] [2022-08-09T14:33:12.040Z] [hub] writing locator at /var/folders/j7/249h0_bj2bsd_v6xrm021ss40000gn/T/hub-finebuck-ff646.json
[info] i  firestore: Importing data from /Users/vongnyuksoon/Documents/XcodeProjects/Finebuck/emulator_data/firestore_export/firestore_export.overall_export_metadata {"metadata":{"emulator":{"name":"firestore"},"message":"Importing data from /Users/vongnyuksoon/Documents/XcodeProjects/Finebuck/emulator_data/firestore_export/firestore_export.overall_export_metadata"}}
[debug] [2022-08-09T14:33:14.371Z] Ignoring unsupported arg: projectId {"metadata":{"emulator":{"name":"firestore"},"message":"Ignoring unsupported arg: projectId"}}
[debug] [2022-08-09T14:33:14.371Z] Ignoring unsupported arg: auto_download {"metadata":{"emulator":{"name":"firestore"},"message":"Ignoring unsupported arg: auto_download"}}
[debug] [2022-08-09T14:33:14.371Z] Starting Firestore Emulator with command {"binary":"java","args":["-Dgoogle.cloud_firestore.debug_log_level=FINE","-Duser.language=en","-jar","/Users/vongnyuksoon/.cache/firebase/emulators/cloud-firestore-emulator-v1.14.4.jar","--host","192.168.1.103","--port",8080,"--seed_from_export","/Users/vongnyuksoon/Documents/XcodeProjects/Finebuck/emulator_data/firestore_export/firestore_export.overall_export_metadata","--rules","/Users/vongnyuksoon/Documents/XcodeProjects/Finebuck/firestore.rules"],"optionalArgs":["port","webchannel_port","host","rules","functions_emulator","seed_from_export"],"joinArgs":false} {"metadata":{"emulator":{"name":"firestore"},"message":"Starting Firestore Emulator with command {\"binary\":\"java\",\"args\":[\"-Dgoogle.cloud_firestore.debug_log_level=FINE\",\"-Duser.language=en\",\"-jar\",\"/Users/vongnyuksoon/.cache/firebase/emulators/cloud-firestore-emulator-v1.14.4.jar\",\"--host\",\"192.168.1.103\",\"--port\",8080,\"--seed_from_export\",\"/Users/vongnyuksoon/Documents/XcodeProjects/Finebuck/emulator_data/firestore_export/firestore_export.overall_export_metadata\",\"--rules\",\"/Users/vongnyuksoon/Documents/XcodeProjects/Finebuck/firestore.rules\"],\"optionalArgs\":[\"port\",\"webchannel_port\",\"host\",\"rules\",\"functions_emulator\",\"seed_from_export\"],\"joinArgs\":false}"}}
[info] i  firestore: Firestore Emulator logging to firestore-debug.log {"metadata":{"emulator":{"name":"firestore"},"message":"Firestore Emulator logging to \u001b[1mfirestore-debug.log\u001b[22m"}}
[debug] [2022-08-09T14:33:15.029Z] Aug 09, 2022 10:33:15 PM com.google.cloud.datastore.emulator.firestore.websocket.WebSocketServer start
INFO: Started WebSocket server on ws://192.168.1.103:57054
 {"metadata":{"emulator":{"name":"firestore"},"message":"Aug 09, 2022 10:33:15 PM com.google.cloud.datastore.emulator.firestore.websocket.WebSocketServer start\nINFO: Started WebSocket server on ws://192.168.1.103:57054\n"}}
[debug] [2022-08-09T14:33:15.041Z] API endpoint: http:// {"metadata":{"emulator":{"name":"firestore"},"message":"API endpoint: http://"}}
[debug] [2022-08-09T14:33:15.041Z] 192.168.1.103:8080
If you are using a library that supports the FIRESTORE_EMULATOR_HOST environment variable, run:

   export FIRESTORE_EMULATOR_HOST=192.168.1.103:8080

Dev App Server is now running.

 {"metadata":{"emulator":{"name":"firestore"},"message":"192.168.1.103:8080\nIf you are using a library that supports the FIRESTORE_EMULATOR_HOST environment variable, run:\n\n   export FIRESTORE_EMULATOR_HOST=192.168.1.103:8080\n\nDev App Server is now running.\n\n"}}
[info] i  auth: Importing config from /Users/vongnyuksoon/Documents/XcodeProjects/Finebuck/emulator_data/auth_export/config.json {"metadata":{"emulator":{"name":"database"},"message":"Importing config from /Users/vongnyuksoon/Documents/XcodeProjects/Finebuck/emulator_data/auth_export/config.json"}}
[info] i  auth: Importing accounts from /Users/vongnyuksoon/Documents/XcodeProjects/Finebuck/emulator_data/auth_export/accounts.json {"metadata":{"emulator":{"name":"database"},"message":"Importing accounts from /Users/vongnyuksoon/Documents/XcodeProjects/Finebuck/emulator_data/auth_export/accounts.json"}}
[debug] [2022-08-09T14:33:18.064Z] Ignoring unsupported arg: auto_download {"metadata":{"emulator":{"name":"ui"},"message":"Ignoring unsupported arg: auto_download"}}
[debug] [2022-08-09T14:33:18.064Z] Ignoring unsupported arg: port {"metadata":{"emulator":{"name":"ui"},"message":"Ignoring unsupported arg: port"}}
[debug] [2022-08-09T14:33:18.064Z] Starting Emulator UI with command {"binary":"node","args":["--dns-result-order=ipv4first","/Users/vongnyuksoon/.cache/firebase/emulators/ui-v1.7.0/server.bundle.js"],"optionalArgs":[],"joinArgs":false} {"metadata":{"emulator":{"name":"ui"},"message":"Starting Emulator UI with command {\"binary\":\"node\",\"args\":[\"--dns-result-order=ipv4first\",\"/Users/vongnyuksoon/.cache/firebase/emulators/ui-v1.7.0/server.bundle.js\"],\"optionalArgs\":[],\"joinArgs\":false}"}}
[info] i  ui: Emulator UI logging to ui-debug.log {"metadata":{"emulator":{"name":"ui"},"message":"Emulator UI logging to \u001b[1mui-debug.log\u001b[22m"}}
[debug] [2022-08-09T14:33:18.120Z] Web / API server started at localhost:4000
 {"metadata":{"emulator":{"name":"ui"},"message":"Web / API server started at localhost:4000\n"}}
[info] 
┌─────────────────────────────────────────────────────────────┐
│ ✔  All emulators ready! It is now safe to connect your app. │
│ i  View Emulator UI at http://localhost:4000                │
└─────────────────────────────────────────────────────────────┘

┌────────────────┬────────────────────┬─────────────────────────────────┐
│ Emulator       │ Host:Port          │ View in Emulator UI             │
├────────────────┼────────────────────┼─────────────────────────────────┤
│ Authentication │ 192.168.1.103:9099 │ http://localhost:4000/auth      │
├────────────────┼────────────────────┼─────────────────────────────────┤
│ Firestore      │ 192.168.1.103:8080 │ http://localhost:4000/firestore │
└────────────────┴────────────────────┴─────────────────────────────────┘
  Emulator Hub running at localhost:4400
  Other reserved ports: 4500

Issues? Report them at https://github.com/firebase/firebase-tools/issues and attach the *-debug.log files.
 
[debug] [2022-08-09T14:33:40.079Z] Aug 09, 2022 10:33:40 PM io.gapi.emulators.netty.HttpVersionRoutingHandler channelRead
INFO: Detected HTTP/2 connection.
 {"metadata":{"emulator":{"name":"firestore"},"message":"Aug 09, 2022 10:33:40 PM io.gapi.emulators.netty.HttpVersionRoutingHandler channelRead\nINFO: Detected HTTP/2 connection.\n"}}
[debug] [2022-08-09T14:38:18.224Z] Aug 09, 2022 10:38:18 PM io.gapi.emulators.netty.HttpVersionRoutingHandler channelRead
INFO: Detected HTTP/2 connection.
 {"metadata":{"emulator":{"name":"firestore"},"message":"Aug 09, 2022 10:38:18 PM io.gapi.emulators.netty.HttpVersionRoutingHandler channelRead\nINFO: Detected HTTP/2 connection.\n"}}
[debug] [2022-08-09T14:38:26.944Z] Aug 09, 2022 10:38:26 PM io.gapi.emulators.netty.HttpVersionRoutingHandler channelRead
INFO: Detected HTTP/2 connection.
 {"metadata":{"emulator":{"name":"firestore"},"message":"Aug 09, 2022 10:38:26 PM io.gapi.emulators.netty.HttpVersionRoutingHandler channelRead\nINFO: Detected HTTP/2 connection.\n"}}
[debug] [2022-08-09T14:40:12.438Z] Aug 09, 2022 10:40:12 PM io.gapi.emulators.netty.HttpVersionRoutingHandler channelRead
INFO: Detected HTTP/2 connection.
 {"metadata":{"emulator":{"name":"firestore"},"message":"Aug 09, 2022 10:40:12 PM io.gapi.emulators.netty.HttpVersionRoutingHandler channelRead\nINFO: Detected HTTP/2 connection.\n"}}
[debug] [2022-08-09T14:40:16.287Z] Aug 09, 2022 10:40:16 PM io.gapi.emulators.netty.HttpVersionRoutingHandler channelRead
INFO: Detected HTTP/2 connection.
 {"metadata":{"emulator":{"name":"firestore"},"message":"Aug 09, 2022 10:40:16 PM io.gapi.emulators.netty.HttpVersionRoutingHandler channelRead\nINFO: Detected HTTP/2 connection.\n"}}
